<?xml version="1.0" encoding="UTF-8"?>
<testng-results ignored="0" total="1" passed="1" failed="0" skipped="0">
  <reporter-output>
  </reporter-output>
  <suite started-at="2023-03-08T07:36:05 IST" name="Default suite" finished-at="2023-03-08T07:36:29 IST" duration-ms="23401">
    <groups>
    </groups>
    <test started-at="2023-03-08T07:36:05 IST" name="Default test" finished-at="2023-03-08T07:36:29 IST" duration-ms="23401">
      <class name="Test_Class.AmaTest">
        <test-method is-config="true" signature="BeforeClass()[pri:0, instance:Test_Class.AmaTest@47faa49c]" started-at="2023-03-08T07:36:05 IST" name="BeforeClass" finished-at="2023-03-08T07:36:15 IST" duration-ms="9587" status="PASS">
          <reporter-output>
          </reporter-output>
        </test-method> <!-- BeforeClass -->
        <test-method is-config="true" signature="BeforeMethod()[pri:0, instance:Test_Class.AmaTest@47faa49c]" started-at="2023-03-08T07:36:15 IST" name="BeforeMethod" finished-at="2023-03-08T07:36:23 IST" duration-ms="8500" status="PASS">
          <reporter-output>
          </reporter-output>
        </test-method> <!-- BeforeMethod -->
        <test-method signature="Ratings()[pri:0, instance:Test_Class.AmaTest@47faa49c]" started-at="2023-03-08T07:36:23 IST" name="Ratings" finished-at="2023-03-08T07:36:28 IST" duration-ms="4858" status="PASS">
          <reporter-output>
          </reporter-output>
        </test-method> <!-- Ratings -->
        <test-method is-config="true" signature="AfterMethod()[pri:0, instance:Test_Class.AmaTest@47faa49c]" started-at="2023-03-08T07:36:28 IST" name="AfterMethod" finished-at="2023-03-08T07:36:28 IST" duration-ms="1" status="PASS">
          <reporter-output>
          </reporter-output>
        </test-method> <!-- AfterMethod -->
        <test-method is-config="true" signature="AfterClass()[pri:0, instance:Test_Class.AmaTest@47faa49c]" started-at="2023-03-08T07:36:28 IST" name="AfterClass" finished-at="2023-03-08T07:36:29 IST" duration-ms="410" status="PASS">
          <reporter-output>
          </reporter-output>
        </test-method> <!-- AfterClass -->
      </class> <!-- Test_Class.AmaTest -->
    </test> <!-- Default test -->
  </suite> <!-- Default suite -->
</testng-results>
